STLViewer-master/app/build/outputs/logs/manifest-merger-debug-report.txt
-- Merging decision tree log ---
manifest
ADDED from AndroidManifest.xml:2:1
	xmlns:android
		ADDED from AndroidManifest.xml:2:11
	package
		ADDED from AndroidManifest.xml:3:2
		INJECTED from AndroidManifest.xml:0:0
		INJECTED from AndroidManifest.xml:0:0
	android:versionName
		ADDED from AndroidManifest.xml:4:2
	android:versionCode
		ADDED from AndroidManifest.xml:3:32
		INJECTED from AndroidManifest.xml:0:0
		INJECTED from AndroidManifest.xml:0:0
uses-sdk
ADDED from AndroidManifest.xml:5:2
	android:targetSdkVersion
		INJECTED from AndroidManifest.xml:0:0
		INJECTED from AndroidManifest.xml:0:0
	android:minSdkVersion
		ADDED from AndroidManifest.xml:5:12
		INJECTED from AndroidManifest.xml:0:0
		INJECTED from AndroidManifest.xml:0:0
uses-permission#android.permission.INTERNET
ADDED from AndroidManifest.xml:6:2
	android:name
		ADDED from AndroidManifest.xml:6:19
application
ADDED from AndroidManifest.xml:8:2
	android:label
		ADDED from AndroidManifest.xml:8:45
	android:icon
		ADDED from AndroidManifest.xml:8:15
activity#jp.kshoji.stlviewer.activity.STLViewActivity
ADDED from AndroidManifest.xml:9:3
	android:label
		ADDED from AndroidManifest.xml:10:4
	android:name
		ADDED from AndroidManifest.xml:9:13
intent-filter#android.intent.action.MAIN+android.intent.category.LAUNCHER
ADDED from AndroidManifest.xml:11:4
action#android.intent.action.MAIN
ADDED from AndroidManifest.xml:12:5
	android:name
		ADDED from AndroidManifest.xml:12:13
category#android.intent.category.LAUNCHER
ADDED from AndroidManifest.xml:13:5
	android:name
		ADDED from AndroidManifest.xml:13:15
intent-filter#android.intent.action.VIEW+android.intent.category.BROWSABLE+android.intent.category.DEFAULT
ADDED from AndroidManifest.xml:15:4
action#android.intent.action.VIEW
ADDED from AndroidManifest.xml:16:5
	android:name
		ADDED from AndroidManifest.xml:16:13
category#android.intent.category.DEFAULT
ADDED from AndroidManifest.xml:17:5
	android:name
		ADDED from AndroidManifest.xml:17:15
category#android.intent.category.BROWSABLE
ADDED from AndroidManifest.xml:18:5
	android:name
		ADDED from AndroidManifest.xml:18:15
data
ADDED from AndroidManifest.xml:19:5
	android:scheme
		ADDED from AndroidManifest.xml:19:11
activity#jp.kshoji.stlviewer.activity.PreferencesActivity
ADDED from AndroidManifest.xml:27:3
	android:label
		ADDED from AndroidManifest.xml:28:4
	android:theme
		ADDED from AndroidManifest.xml:28:37
	android:name
		ADDED from AndroidManifest.xml:27:13
intent-filter#android.intent.category.LAUNCHER
ADDED from AndroidManifest.xml:29:4
activity#jp.kshoji.stlviewer.activity.WebViewActivity
ADDED from AndroidManifest.xml:33:3
	android:label
		ADDED from AndroidManifest.xml:34:4
	android:name
		ADDED from AndroidManifest.xml:35:4